android/app/build/intermediates/manifest_merge_blame_file/release/manifest-merger-blame-release-report.txt
1<?xml version="1.0" encoding="utf-8"?>
2<manifest xmlns:android="http://schemas.android.com/apk/res/android"
3    package="com.starterpack"
4    android:versionCode="1"
5    android:versionName="1.0" >
6
7    <uses-sdk
8        android:minSdkVersion="21"
8-->src/main/AndroidManifest.xml
9        android:targetSdkVersion="30" />
9-->src/main/AndroidManifest.xml
10
11    <uses-permission android:name="android.permission.INTERNET" />
11-->src/main/AndroidManifest.xml:4:5-67
11-->src/main/AndroidManifest.xml:4:22-64
12    <uses-permission android:name="android.permission.ACCESS_FINE_LOCATION" />
12-->src/main/AndroidManifest.xml:5:5-79
12-->src/main/AndroidManifest.xml:5:22-76
13    <uses-permission android:name="android.permission.CAMERA" />
13-->src/main/AndroidManifest.xml:6:5-64
13-->src/main/AndroidManifest.xml:6:22-62
14
15    <uses-feature android:name="android.hardware.camera" />
15-->src/main/AndroidManifest.xml:7:5-59
15-->src/main/AndroidManifest.xml:7:19-57
16
17    <uses-permission android:name="android.permission.ACCESS_COARSE_LOCATION" />
17-->[:react-native-maps] AndroidManifest.xml:10:5-81
17-->[:react-native-maps] AndroidManifest.xml:10:22-78
18    <uses-permission android:name="android.permission.ACCESS_NETWORK_STATE" />
18-->[:react-native-community_netinfo] AndroidManifest.xml:9:5-79
18-->[:react-native-community_netinfo] AndroidManifest.xml:9:22-76
19    <uses-permission android:name="android.permission.ACCESS_WIFI_STATE" />
19-->[:react-native-community_netinfo] AndroidManifest.xml:10:5-76
19-->[:react-native-community_netinfo] AndroidManifest.xml:10:22-73
20    <uses-permission android:name="android.permission.WAKE_LOCK" />
20-->[:react-native-firebase_analytics] AndroidManifest.xml:13:5-68
20-->[:react-native-firebase_analytics] AndroidManifest.xml:13:22-65
21
22    <uses-feature
22-->[:react-native-camera] AndroidManifest.xml:14:5-16:36
23        android:name="android.hardware.camera.autofocus"
23-->[:react-native-camera] AndroidManifest.xml:15:9-57
24        android:required="false" />
24-->[:react-native-camera] AndroidManifest.xml:16:9-33
25
26    <uses-permission android:name="android.permission.VIBRATE" />
26-->[:react-native-haptic-feedback] AndroidManifest.xml:11:5-66
26-->[:react-native-haptic-feedback] AndroidManifest.xml:11:22-63
27
28    <uses-feature
28-->[com.google.android.gms:play-services-maps:17.0.0] AndroidManifest.xml:26:5-28:35
29        android:glEsVersion="0x00020000"
29-->[com.google.android.gms:play-services-maps:17.0.0] AndroidManifest.xml:27:9-41
30        android:required="true" /> <!-- Required by older versions of Google Play services to create IID tokens -->
30-->[com.google.android.gms:play-services-maps:17.0.0] AndroidManifest.xml:28:9-32
31    <uses-permission android:name="com.google.android.c2dm.permission.RECEIVE" />
31-->[com.google.android.gms:play-services-iid:17.0.0] AndroidManifest.xml:23:5-82
31-->[com.google.android.gms:play-services-iid:17.0.0] AndroidManifest.xml:23:22-79
32    <uses-permission android:name="com.google.android.finsky.permission.BIND_GET_INSTALL_REFERRER_SERVICE" /> <!-- Include required permissions for Advertising Id -->
32-->[com.google.android.gms:play-services-measurement:20.0.2] AndroidManifest.xml:26:5-110
32-->[com.google.android.gms:play-services-measurement:20.0.2] AndroidManifest.xml:26:22-107
33    <uses-permission android:name="com.google.android.gms.permission.AD_ID" />
33-->[com.google.android.gms:play-services-ads-identifier:18.0.0] AndroidManifest.xml:23:5-79
33-->[com.google.android.gms:play-services-ads-identifier:18.0.0] AndroidManifest.xml:23:22-76
34    <uses-permission android:name="android.permission.RECEIVE_BOOT_COMPLETED" />
34-->[androidx.work:work-runtime:2.7.1] AndroidManifest.xml:27:5-81
34-->[androidx.work:work-runtime:2.7.1] AndroidManifest.xml:27:22-78
35    <uses-permission android:name="android.permission.FOREGROUND_SERVICE" />
35-->[androidx.work:work-runtime:2.7.1] AndroidManifest.xml:28:5-77
35-->[androidx.work:work-runtime:2.7.1] AndroidManifest.xml:28:22-74
36    <uses-permission android:name="android.permission.USE_FULL_SCREEN_INTENT" />
36-->[app.notifee:core:202108261754] AndroidManifest.xml:15:5-81
36-->[app.notifee:core:202108261754] AndroidManifest.xml:15:22-78
37    <uses-permission android:name="android.permission.SCHEDULE_EXACT_ALARM" />
37-->[app.notifee:core:202108261754] AndroidManifest.xml:16:5-79
37-->[app.notifee:core:202108261754] AndroidManifest.xml:16:22-76
38
39    <application
39-->src/main/AndroidManifest.xml:8:5-40:19
40        android:name="com.starterpack.MainApplication"
40-->src/main/AndroidManifest.xml:9:7-38
41        android:allowBackup="false"
41-->src/main/AndroidManifest.xml:13:7-34
42        android:appComponentFactory="androidx.core.app.CoreComponentFactory"
42-->[androidx.core:core:1.6.0] AndroidManifest.xml:24:18-86
43        android:icon="@mipmap/ic_launcher"
43-->src/main/AndroidManifest.xml:11:7-41
44        android:label="@string/app_name"
44-->src/main/AndroidManifest.xml:10:7-39
45        android:roundIcon="@mipmap/ic_launcher_round"
45-->src/main/AndroidManifest.xml:12:7-52
46        android:theme="@style/AppTheme" >
46-->src/main/AndroidManifest.xml:14:7-38
47        <activity
47-->src/main/AndroidManifest.xml:15:7-32:18
48            android:name="com.starterpack.MainActivity"
48-->src/main/AndroidManifest.xml:16:9-37
49            android:configChanges="keyboard|keyboardHidden|orientation|screenSize|uiMode"
49-->src/main/AndroidManifest.xml:18:9-86
50            android:label="@string/app_name"
50-->src/main/AndroidManifest.xml:17:9-41
51            android:launchMode="singleTask"
51-->src/main/AndroidManifest.xml:19:9-40
52            android:windowSoftInputMode="adjustResize" >
52-->src/main/AndroidManifest.xml:20:9-51
53            <intent-filter>
53-->src/main/AndroidManifest.xml:21:9-24:25
54                <action android:name="android.intent.action.MAIN" />
54-->src/main/AndroidManifest.xml:22:13-65
54-->src/main/AndroidManifest.xml:22:21-62
55
56                <category android:name="android.intent.category.LAUNCHER" />
56-->src/main/AndroidManifest.xml:23:13-73
56-->src/main/AndroidManifest.xml:23:23-70
57            </intent-filter>
58            <intent-filter>
58-->src/main/AndroidManifest.xml:25:10-30:25
59                <action android:name="android.intent.action.VIEW" />
59-->src/main/AndroidManifest.xml:26:13-65
59-->src/main/AndroidManifest.xml:26:21-62
60
61                <category android:name="android.intent.category.DEFAULT" />
61-->src/main/AndroidManifest.xml:27:13-72
61-->src/main/AndroidManifest.xml:27:23-69
62                <category android:name="android.intent.category.BROWSABLE" />
62-->src/main/AndroidManifest.xml:28:13-74
62-->src/main/AndroidManifest.xml:28:23-71
63
64                <data android:scheme="starter" />
64-->src/main/AndroidManifest.xml:29:13-46
64-->src/main/AndroidManifest.xml:29:19-43
65            </intent-filter>
66        </activity>
67
68        <meta-data
68-->src/main/AndroidManifest.xml:34:9-36:70
69            android:name="com.google.android.geo.API_KEY"
69-->src/main/AndroidManifest.xml:35:13-58
70            android:value="AIzaSyApWiAoP2ocsdGLvx6uVshD7LkOTGBONds" />
70-->src/main/AndroidManifest.xml:36:13-68
71
72        <!-- You will also only need to add this uses-library tag -->
73        <uses-library
73-->src/main/AndroidManifest.xml:39:9-87
74            android:name="org.apache.http.legacy"
74-->src/main/AndroidManifest.xml:39:23-60
75            android:required="false" />
75-->src/main/AndroidManifest.xml:39:61-85
76
77        <provider
77-->[:notifee_react-native] AndroidManifest.xml:12:9-16:40
78            android:name="io.invertase.notifee.NotifeeInitProvider"
78-->[:notifee_react-native] AndroidManifest.xml:13:13-68
79            android:authorities="com.starterpack.notifee-init-provider"
79-->[:notifee_react-native] AndroidManifest.xml:14:13-73
80            android:exported="false"
80-->[:notifee_react-native] AndroidManifest.xml:15:13-37
81            android:initOrder="-100" />
81-->[:notifee_react-native] AndroidManifest.xml:16:13-37
82
83        <meta-data
83-->[:react-native-firebase_analytics] AndroidManifest.xml:16:9-18:36
84            android:name="firebase_analytics_collection_enabled"
84-->[:react-native-firebase_analytics] AndroidManifest.xml:17:13-65
85            android:value="true" />
85-->[:react-native-firebase_analytics] AndroidManifest.xml:18:13-33
86        <meta-data
86-->[:react-native-firebase_analytics] AndroidManifest.xml:19:9-21:37
87            android:name="firebase_analytics_collection_deactivated"
87-->[:react-native-firebase_analytics] AndroidManifest.xml:20:13-69
88            android:value="false" />
88-->[:react-native-firebase_analytics] AndroidManifest.xml:21:13-34
89        <meta-data
89-->[:react-native-firebase_analytics] AndroidManifest.xml:22:9-24:36
90            android:name="google_analytics_adid_collection_enabled"
90-->[:react-native-firebase_analytics] AndroidManifest.xml:23:13-68
91            android:value="true" />
91-->[:react-native-firebase_analytics] AndroidManifest.xml:24:13-33
92        <meta-data
92-->[:react-native-firebase_analytics] AndroidManifest.xml:25:9-27:36
93            android:name="google_analytics_ssaid_collection_enabled"
93-->[:react-native-firebase_analytics] AndroidManifest.xml:26:13-69
94            android:value="true" />
94-->[:react-native-firebase_analytics] AndroidManifest.xml:27:13-33
95        <meta-data
95-->[:react-native-firebase_analytics] AndroidManifest.xml:28:9-30:36
96            android:name="google_analytics_default_allow_ad_personalization_signals"
96-->[:react-native-firebase_analytics] AndroidManifest.xml:29:13-85
97            android:value="true" />
97-->[:react-native-firebase_analytics] AndroidManifest.xml:30:13-33
98        <meta-data
98-->[:react-native-firebase_analytics] AndroidManifest.xml:31:9-33:36
99            android:name="google_analytics_automatic_screen_reporting_enabled"
99-->[:react-native-firebase_analytics] AndroidManifest.xml:32:13-79
100            android:value="true" /> <!-- Disable crashlytics by default so we can custom init with CrashlyticsNdk support -->
100-->[:react-native-firebase_analytics] AndroidManifest.xml:33:13-33
101        <meta-data
101-->[:react-native-firebase_crashlytics] AndroidManifest.xml:14:9-16:37
102            android:name="firebase_crashlytics_collection_enabled"
102-->[:react-native-firebase_crashlytics] AndroidManifest.xml:15:13-67
103            android:value="false" />
103-->[:react-native-firebase_crashlytics] AndroidManifest.xml:16:13-34
104
105        <provider
105-->[:react-native-firebase_crashlytics] AndroidManifest.xml:18:9-22:38
106            android:name="io.invertase.firebase.crashlytics.ReactNativeFirebaseCrashlyticsInitProvider"
106-->[:react-native-firebase_crashlytics] AndroidManifest.xml:19:13-104
107            android:authorities="com.starterpack.reactnativefirebasecrashlyticsinitprovider"
107-->[:react-native-firebase_crashlytics] AndroidManifest.xml:20:13-94
108            android:exported="false"
108-->[:react-native-firebase_crashlytics] AndroidManifest.xml:21:13-37
109            android:initOrder="98" />
109-->[:react-native-firebase_crashlytics] AndroidManifest.xml:22:13-35
110
111        <service android:name="io.invertase.firebase.messaging.ReactNativeFirebaseMessagingHeadlessService" />
111-->[:react-native-firebase_messaging] AndroidManifest.xml:16:9-111
111-->[:react-native-firebase_messaging] AndroidManifest.xml:16:18-108
112        <service
112-->[:react-native-firebase_messaging] AndroidManifest.xml:17:9-23:19
113            android:name="io.invertase.firebase.messaging.ReactNativeFirebaseMessagingService"
113-->[:react-native-firebase_messaging] AndroidManifest.xml:18:13-95
114            android:exported="false" >
114-->[:react-native-firebase_messaging] AndroidManifest.xml:19:13-37
115            <intent-filter>
115-->[:react-native-firebase_messaging] AndroidManifest.xml:20:13-22:29
116                <action android:name="com.google.firebase.MESSAGING_EVENT" />
116-->[:react-native-firebase_messaging] AndroidManifest.xml:21:17-78
116-->[:react-native-firebase_messaging] AndroidManifest.xml:21:25-75
117            </intent-filter>
118        </service>
119
120        <receiver
120-->[:react-native-firebase_messaging] AndroidManifest.xml:25:9-32:20
121            android:name="io.invertase.firebase.messaging.ReactNativeFirebaseMessagingReceiver"
121-->[:react-native-firebase_messaging] AndroidManifest.xml:26:13-96
122            android:exported="true"
122-->[:react-native-firebase_messaging] AndroidManifest.xml:27:13-36
123            android:permission="com.google.android.c2dm.permission.SEND" >
123-->[:react-native-firebase_messaging] AndroidManifest.xml:28:13-73
124            <intent-filter>
124-->[:react-native-firebase_messaging] AndroidManifest.xml:29:13-31:29
125                <action android:name="com.google.android.c2dm.intent.RECEIVE" />
125-->[:react-native-firebase_messaging] AndroidManifest.xml:30:17-81
125-->[:react-native-firebase_messaging] AndroidManifest.xml:30:25-78
126            </intent-filter>
127        </receiver>
128
129        <meta-data
129-->[:react-native-firebase_messaging] AndroidManifest.xml:34:9-36:36
130            android:name="firebase_messaging_auto_init_enabled"
130-->[:react-native-firebase_messaging] AndroidManifest.xml:35:13-64
131            android:value="true" />
131-->[:react-native-firebase_messaging] AndroidManifest.xml:36:13-33
132        <meta-data
132-->[:react-native-firebase_messaging] AndroidManifest.xml:37:9-39:32
133            android:name="com.google.firebase.messaging.default_notification_channel_id"
133-->[:react-native-firebase_messaging] AndroidManifest.xml:38:13-89
134            android:value="" />
134-->[:react-native-firebase_messaging] AndroidManifest.xml:39:13-29
135        <meta-data
135-->[:react-native-firebase_messaging] AndroidManifest.xml:40:9-42:47
136            android:name="com.google.firebase.messaging.default_notification_color"
136-->[:react-native-firebase_messaging] AndroidManifest.xml:41:13-84
137            android:resource="@color/white" />
137-->[:react-native-firebase_messaging] AndroidManifest.xml:42:13-44
138        <meta-data
138-->[:react-native-firebase_app] AndroidManifest.xml:12:9-14:36
139            android:name="app_data_collection_default_enabled"
139-->[:react-native-firebase_app] AndroidManifest.xml:13:13-63
140            android:value="true" />
140-->[:react-native-firebase_app] AndroidManifest.xml:14:13-33
141
142        <service
142-->[:react-native-firebase_app] AndroidManifest.xml:16:9-20:19
143            android:name="com.google.firebase.components.ComponentDiscoveryService"
143-->[:react-native-firebase_app] AndroidManifest.xml:16:18-89
144            android:directBootAware="true"
144-->[com.google.firebase:firebase-common:20.0.0] AndroidManifest.xml:35:13-43
145            android:exported="false" >
145-->[com.google.firebase:firebase-auth:21.0.1] AndroidManifest.xml:76:13-37
146            <meta-data
146-->[:react-native-firebase_app] AndroidManifest.xml:17:13-19:85
147                android:name="com.google.firebase.components:io.invertase.firebase.app.ReactNativeFirebaseAppRegistrar"
147-->[:react-native-firebase_app] AndroidManifest.xml:18:17-120
148                android:value="com.google.firebase.components.ComponentRegistrar" />
148-->[:react-native-firebase_app] AndroidManifest.xml:19:17-82
149            <meta-data
149-->[com.google.firebase:firebase-auth:21.0.1] AndroidManifest.xml:77:13-79:85
150                android:name="com.google.firebase.components:com.google.firebase.auth.FirebaseAuthRegistrar"
150-->[com.google.firebase:firebase-auth:21.0.1] AndroidManifest.xml:78:17-109
151                android:value="com.google.firebase.components.ComponentRegistrar" />
151-->[com.google.firebase:firebase-auth:21.0.1] AndroidManifest.xml:79:17-82
152            <meta-data
152-->[com.google.firebase:firebase-messaging:23.0.0] AndroidManifest.xml:52:13-54:85
153                android:name="com.google.firebase.components:com.google.firebase.messaging.FirebaseMessagingRegistrar"
153-->[com.google.firebase:firebase-messaging:23.0.0] AndroidManifest.xml:53:17-119
154                android:value="com.google.firebase.components.ComponentRegistrar" />
154-->[com.google.firebase:firebase-messaging:23.0.0] AndroidManifest.xml:54:17-82
155            <meta-data
155-->[com.google.firebase:firebase-crashlytics-ndk:18.2.6] AndroidManifest.xml:35:13-37:85
156                android:name="com.google.firebase.components:com.google.firebase.crashlytics.ndk.CrashlyticsNdkRegistrar"
156-->[com.google.firebase:firebase-crashlytics-ndk:18.2.6] AndroidManifest.xml:36:17-122
157                android:value="com.google.firebase.components.ComponentRegistrar" />
157-->[com.google.firebase:firebase-crashlytics-ndk:18.2.6] AndroidManifest.xml:37:17-82
158            <meta-data
158-->[com.google.firebase:firebase-crashlytics:18.2.6] AndroidManifest.xml:18:13-20:85
159                android:name="com.google.firebase.components:com.google.firebase.crashlytics.CrashlyticsRegistrar"
159-->[com.google.firebase:firebase-crashlytics:18.2.6] AndroidManifest.xml:19:17-115
160                android:value="com.google.firebase.components.ComponentRegistrar" />
160-->[com.google.firebase:firebase-crashlytics:18.2.6] AndroidManifest.xml:20:17-82
161            <meta-data
161-->[com.google.firebase:firebase-datatransport:18.0.0] AndroidManifest.xml:28:13-30:85
162                android:name="com.google.firebase.components:com.google.firebase.datatransport.TransportRegistrar"
162-->[com.google.firebase:firebase-datatransport:18.0.0] AndroidManifest.xml:29:17-115
163                android:value="com.google.firebase.components.ComponentRegistrar" />
163-->[com.google.firebase:firebase-datatransport:18.0.0] AndroidManifest.xml:30:17-82
164            <meta-data
164-->[com.google.android.gms:play-services-measurement-api:20.0.2] AndroidManifest.xml:30:13-32:85
165                android:name="com.google.firebase.components:com.google.firebase.analytics.connector.internal.AnalyticsConnectorRegistrar"
165-->[com.google.android.gms:play-services-measurement-api:20.0.2] AndroidManifest.xml:31:17-139
166                android:value="com.google.firebase.components.ComponentRegistrar" />
166-->[com.google.android.gms:play-services-measurement-api:20.0.2] AndroidManifest.xml:32:17-82
167            <meta-data
167-->[com.google.firebase:firebase-installations:17.0.0] AndroidManifest.xml:18:13-20:85
168                android:name="com.google.firebase.components:com.google.firebase.installations.FirebaseInstallationsRegistrar"
168-->[com.google.firebase:firebase-installations:17.0.0] AndroidManifest.xml:19:17-127
169                android:value="com.google.firebase.components.ComponentRegistrar" />
169-->[com.google.firebase:firebase-installations:17.0.0] AndroidManifest.xml:20:17-82
170        </service>
171
172        <provider
172-->[:react-native-firebase_app] AndroidManifest.xml:22:9-26:38
173            android:name="io.invertase.firebase.app.ReactNativeFirebaseAppInitProvider"
173-->[:react-native-firebase_app] AndroidManifest.xml:23:13-88
174            android:authorities="com.starterpack.reactnativefirebaseappinitprovider"
174-->[:react-native-firebase_app] AndroidManifest.xml:24:13-86
175            android:exported="false"
175-->[:react-native-firebase_app] AndroidManifest.xml:25:13-37
176            android:initOrder="99" />
176-->[:react-native-firebase_app] AndroidManifest.xml:26:13-35
177        <provider
177-->[:react-native-image-picker] AndroidManifest.xml:12:9-20:20
178            android:name="com.imagepicker.ImagePickerProvider"
178-->[:react-native-image-picker] AndroidManifest.xml:13:13-63
179            android:authorities="com.starterpack.imagepickerprovider"
179-->[:react-native-image-picker] AndroidManifest.xml:14:13-71
180            android:exported="false"
180-->[:react-native-image-picker] AndroidManifest.xml:15:13-37
181            android:grantUriPermissions="true" >
181-->[:react-native-image-picker] AndroidManifest.xml:16:13-47
182            <meta-data
182-->[:react-native-image-picker] AndroidManifest.xml:17:13-19:70
183                android:name="android.support.FILE_PROVIDER_PATHS"
183-->[:react-native-image-picker] AndroidManifest.xml:18:17-67
184                android:resource="@xml/imagepicker_provider_paths" />
184-->[:react-native-image-picker] AndroidManifest.xml:19:17-67
185        </provider>
186        <provider
186-->[:react-native-webview] AndroidManifest.xml:12:9-20:20
187            android:name="com.reactnativecommunity.webview.RNCWebViewFileProvider"
187-->[:react-native-webview] AndroidManifest.xml:13:13-83
188            android:authorities="com.starterpack.fileprovider"
188-->[:react-native-webview] AndroidManifest.xml:14:13-64
189            android:exported="false"
189-->[:react-native-webview] AndroidManifest.xml:15:13-37
190            android:grantUriPermissions="true" >
190-->[:react-native-webview] AndroidManifest.xml:16:13-47
191            <meta-data
191-->[:react-native-image-picker] AndroidManifest.xml:17:13-19:70
192                android:name="android.support.FILE_PROVIDER_PATHS"
192-->[:react-native-image-picker] AndroidManifest.xml:18:17-67
193                android:resource="@xml/file_provider_paths" />
193-->[:react-native-image-picker] AndroidManifest.xml:19:17-67
194        </provider>
195
196        <activity
196-->[com.google.firebase:firebase-auth:21.0.1] AndroidManifest.xml:27:9-44:20
197            android:name="com.google.firebase.auth.internal.GenericIdpActivity"
197-->[com.google.firebase:firebase-auth:21.0.1] AndroidManifest.xml:28:13-80
198            android:excludeFromRecents="true"
198-->[com.google.firebase:firebase-auth:21.0.1] AndroidManifest.xml:29:13-46
199            android:exported="true"
199-->[com.google.firebase:firebase-auth:21.0.1] AndroidManifest.xml:30:13-36
200            android:launchMode="singleTask"
200-->[com.google.firebase:firebase-auth:21.0.1] AndroidManifest.xml:31:13-44
201            android:theme="@android:style/Theme.Translucent.NoTitleBar" >
201-->[com.google.firebase:firebase-auth:21.0.1] AndroidManifest.xml:32:13-72
202            <intent-filter>
202-->[com.google.firebase:firebase-auth:21.0.1] AndroidManifest.xml:33:13-43:29
203                <action android:name="android.intent.action.VIEW" />
203-->src/main/AndroidManifest.xml:26:13-65
203-->src/main/AndroidManifest.xml:26:21-62
204
205                <category android:name="android.intent.category.DEFAULT" />
205-->src/main/AndroidManifest.xml:27:13-72
205-->src/main/AndroidManifest.xml:27:23-69
206                <category android:name="android.intent.category.BROWSABLE" />
206-->src/main/AndroidManifest.xml:28:13-74
206-->src/main/AndroidManifest.xml:28:23-71
207
208                <data
208-->src/main/AndroidManifest.xml:29:13-46
209                    android:host="firebase.auth"
210                    android:path="/"
211                    android:scheme="genericidp" />
211-->src/main/AndroidManifest.xml:29:19-43
212            </intent-filter>
213        </activity>
214        <activity
214-->[com.google.firebase:firebase-auth:21.0.1] AndroidManifest.xml:45:9-62:20
215            android:name="com.google.firebase.auth.internal.RecaptchaActivity"
215-->[com.google.firebase:firebase-auth:21.0.1] AndroidManifest.xml:46:13-79
216            android:excludeFromRecents="true"
216-->[com.google.firebase:firebase-auth:21.0.1] AndroidManifest.xml:47:13-46
217            android:exported="true"
217-->[com.google.firebase:firebase-auth:21.0.1] AndroidManifest.xml:48:13-36
218            android:launchMode="singleTask"
218-->[com.google.firebase:firebase-auth:21.0.1] AndroidManifest.xml:49:13-44
219            android:theme="@android:style/Theme.Translucent.NoTitleBar" >
219-->[com.google.firebase:firebase-auth:21.0.1] AndroidManifest.xml:50:13-72
220            <intent-filter>
220-->[com.google.firebase:firebase-auth:21.0.1] AndroidManifest.xml:51:13-61:29
221                <action android:name="android.intent.action.VIEW" />
221-->src/main/AndroidManifest.xml:26:13-65
221-->src/main/AndroidManifest.xml:26:21-62
222
223                <category android:name="android.intent.category.DEFAULT" />
223-->src/main/AndroidManifest.xml:27:13-72
223-->src/main/AndroidManifest.xml:27:23-69
224                <category android:name="android.intent.category.BROWSABLE" />
224-->src/main/AndroidManifest.xml:28:13-74
224-->src/main/AndroidManifest.xml:28:23-71
225
226                <data
226-->src/main/AndroidManifest.xml:29:13-46
227                    android:host="firebase.auth"
228                    android:path="/"
229                    android:scheme="recaptcha" />
229-->src/main/AndroidManifest.xml:29:19-43
230            </intent-filter>
231        </activity>
232
233        <service
233-->[com.google.firebase:firebase-auth:21.0.1] AndroidManifest.xml:64:9-73:19
234            android:name="com.google.firebase.auth.api.fallback.service.FirebaseAuthFallbackService"
234-->[com.google.firebase:firebase-auth:21.0.1] AndroidManifest.xml:65:13-101
235            android:enabled="true"
235-->[com.google.firebase:firebase-auth:21.0.1] AndroidManifest.xml:66:13-35
236            android:exported="false" >
236-->[com.google.firebase:firebase-auth:21.0.1] AndroidManifest.xml:67:13-37
237            <intent-filter>
237-->[com.google.firebase:firebase-auth:21.0.1] AndroidManifest.xml:68:13-72:29
238                <action android:name="com.google.firebase.auth.api.gms.service.START" />
238-->[com.google.firebase:firebase-auth:21.0.1] AndroidManifest.xml:69:17-89
238-->[com.google.firebase:firebase-auth:21.0.1] AndroidManifest.xml:69:25-86
239
240                <category android:name="android.intent.category.DEFAULT" />
240-->src/main/AndroidManifest.xml:27:13-72
240-->src/main/AndroidManifest.xml:27:23-69
241            </intent-filter>
242        </service>
243
244        <activity
244-->[com.google.android.gms:play-services-auth:20.0.0] AndroidManifest.xml:23:9-27:75
245            android:name="com.google.android.gms.auth.api.signin.internal.SignInHubActivity"
245-->[com.google.android.gms:play-services-auth:20.0.0] AndroidManifest.xml:24:13-93
246            android:excludeFromRecents="true"
246-->[com.google.android.gms:play-services-auth:20.0.0] AndroidManifest.xml:25:13-46
247            android:exported="false"
247-->[com.google.android.gms:play-services-auth:20.0.0] AndroidManifest.xml:26:13-37
248            android:theme="@android:style/Theme.Translucent.NoTitleBar" />
248-->[com.google.android.gms:play-services-auth:20.0.0] AndroidManifest.xml:27:13-72
249        <!--
250            Service handling Google Sign-In user revocation. For apps that do not integrate with
251            Google Sign-In, this service will never be started.
252        -->
253        <service
253-->[com.google.android.gms:play-services-auth:20.0.0] AndroidManifest.xml:33:9-37:51
254            android:name="com.google.android.gms.auth.api.signin.RevocationBoundService"
254-->[com.google.android.gms:play-services-auth:20.0.0] AndroidManifest.xml:34:13-89
255            android:exported="true"
255-->[com.google.android.gms:play-services-auth:20.0.0] AndroidManifest.xml:35:13-36
256            android:permission="com.google.android.gms.auth.api.signin.permission.REVOCATION_NOTIFICATION"
256-->[com.google.android.gms:play-services-auth:20.0.0] AndroidManifest.xml:36:13-107
257            android:visibleToInstantApps="true" />
257-->[com.google.android.gms:play-services-auth:20.0.0] AndroidManifest.xml:37:13-48
258        <service
258-->[com.google.android.gms:play-services-mlkit-barcode-scanning:16.2.0] AndroidManifest.xml:9:9-15:19
259            android:name="com.google.mlkit.common.internal.MlKitComponentDiscoveryService"
259-->[com.google.android.gms:play-services-mlkit-barcode-scanning:16.2.0] AndroidManifest.xml:10:13-91
260            android:directBootAware="true"
260-->[com.google.mlkit:common:17.2.0] AndroidManifest.xml:17:13-43
261            android:exported="false" >
261-->[com.google.android.gms:play-services-mlkit-barcode-scanning:16.2.0] AndroidManifest.xml:11:13-37
262            <meta-data
262-->[com.google.android.gms:play-services-mlkit-barcode-scanning:16.2.0] AndroidManifest.xml:12:13-14:85
263                android:name="com.google.firebase.components:com.google.mlkit.vision.barcode.internal.BarcodeRegistrar"
263-->[com.google.android.gms:play-services-mlkit-barcode-scanning:16.2.0] AndroidManifest.xml:13:17-120
264                android:value="com.google.firebase.components.ComponentRegistrar" />
264-->[com.google.android.gms:play-services-mlkit-barcode-scanning:16.2.0] AndroidManifest.xml:14:17-82
265            <meta-data
265-->[com.google.android.gms:play-services-mlkit-face-detection:16.2.0] AndroidManifest.xml:12:13-14:85
266                android:name="com.google.firebase.components:com.google.mlkit.vision.face.internal.FaceRegistrar"
266-->[com.google.android.gms:play-services-mlkit-face-detection:16.2.0] AndroidManifest.xml:13:17-114
267                android:value="com.google.firebase.components.ComponentRegistrar" />
267-->[com.google.android.gms:play-services-mlkit-face-detection:16.2.0] AndroidManifest.xml:14:17-82
268            <meta-data
268-->[com.google.android.gms:play-services-mlkit-text-recognition:16.3.0] AndroidManifest.xml:12:13-14:85
269                android:name="com.google.firebase.components:com.google.mlkit.vision.text.internal.TextRegistrar"
269-->[com.google.android.gms:play-services-mlkit-text-recognition:16.3.0] AndroidManifest.xml:13:17-114
270                android:value="com.google.firebase.components.ComponentRegistrar" />